2026-06-30 16:24:57 [INFO] Connexion réussie : Administrateur (admin)
2026-06-30 16:25:01 [INFO] Accès espace administrateur
2026-07-01 09:20:02 [INFO] Connexion réussie : Administrateur (admin)
2026-07-01 09:20:05 [INFO] Accès espace administrateur
2026-07-01 09:20:09 [WARNING] Option invalide dans menuAdmin : ""
2026-07-01 09:21:06 [INFO] Professeur ajouté : Poule (PC)
2026-07-01 09:23:29 [INFO] Matière modifiée : ID 
2026-07-01 09:24:21 [INFO] Matière modifiée : ID 3
2026-07-01 09:28:25 [INFO] Professeur modifié : ID 3
2026-07-01 09:34:30 [INFO] Professeur supprimé : ID 
2026-07-01 09:35:03 [INFO] Utilisateur supprimé : ID 
2026-07-01 09:37:48 [INFO] Connexion réussie : Administrateur (admin)
2026-07-01 09:37:53 [INFO] Accès espace administrateur
2026-07-01 09:39:21 [INFO] Professeur ajouté : Poule Kouekou (Physique)
2026-07-01 09:42:30 [INFO] Utilisateur ajouté : Poule Kouekou (teacher)
2026-07-01 09:45:39 [INFO] Utilisateur ajouté : Bamba Fatou (student)
2026-07-01 09:46:47 [INFO] Déconnexion de l'administrateur
2026-07-01 09:47:29 [INFO] Connexion réussie : Poule Kouekou (teacher)
2026-07-01 09:47:32 [INFO] Accès espace enseignant
2026-07-01 09:48:27 [INFO] Connexion réussie : Yao Kouassi (student)
2026-07-01 09:48:29 [INFO] Accès espace étudiant
2026-07-01 14:53:04 [WARNING] Option invalide saisie : "" dans menuPrincipal
2026-07-01 14:54:05 [INFO] Connexion réussie : Administrateur (admin)
2026-07-01 14:54:08 [INFO] Accès espace administrateur
2026-07-01 14:54:53 [INFO] Consultation moyenne générale étudiant ID Yao
2026-07-01 14:55:02 [WARNING] Option invalide dans sousMenuStatistiques : "0"
2026-07-01 14:55:07 [WARNING] Option invalide dans sousMenuStatistiques : "0"
2026-07-01 14:55:19 [INFO] Déconnexion de l'administrateur
